<?xml version="1.0" encoding="UTF-8"?>
<testsuite xmlns:xsi="http://www.w3.org/2001/XMLSchema-instance" xsi:noNamespaceSchemaLocation="https://maven.apache.org/surefire/maven-surefire-plugin/xsd/surefire-test-report.xsd" name="Title of your feature" time="24.145" tests="3" errors="0" skipped="0" failures="1">
  <properties>
[...]
</properties>
  <testcase name="Title of your scenario" classname="Title of your feature" time="10.407">
    <failure message="precondition " type="java.lang.AssertionError">java.lang.AssertionError: precondition 
</failure>
    <system-out><![CDATA[
Failed scenarios:
src/test/resources/features/tags.feature:6 # Title of your scenario

3 Scenarios (1 failed, 2 passed)
13 Steps (1 failed, 5 skipped, 7 passed)
0m24.526s

java.lang.AssertionError: precondition 
	at org.junit.Assert.fail(Assert.java:88)
	at org.junit.Assert.assertTrue(Assert.java:41)
	at com.stepdefinition.SampleStep.some_other_precondition(SampleStep.java:22)
	at ?.some other precondition(src/test/resources/features/tags.feature:8)

Apr 13, 2020 2:12:54 PM net.masterthought.cucumber.ReportParser parseJsonFiles
INFO: File 'C:\Users\faizur\eclipse-cucumberr\Guru99Ecom\src\test\resources\reports\Cucumber.json' contains 1 features
hguyguhgjhjhb
]]></system-out>
    <system-err><![CDATA[SLF4J: Failed to load class "org.slf4j.impl.StaticLoggerBinder".
SLF4J: Defaulting to no-operation (NOP) logger implementation
SLF4J: See http://www.slf4j.org/codes.html#StaticLoggerBinder for further details.
Starting ChromeDriver 79.0.3945.36 (3582db32b33893869b8c1339e8f4d9ed1816f143-refs/branch-heads/3945@{#614}) on port 41126
Only local connections are allowed.
Please protect ports used by ChromeDriver and related test frameworks to prevent access by malicious code.
[1586767354.438][WARNING]: This version of ChromeDriver has not been tested with Chrome version 80.
[1586767356.502][WARNING]: Timed out connecting to Chrome, retrying...
Apr 13, 2020 2:12:38 PM org.openqa.selenium.remote.ProtocolHandshake createSession
INFO: Detected dialect: W3C
]]></system-err>
  </testcase>
  <testcase name="Title of your scenario outline" classname="Title of your feature" time="6.678"/>
  <testcase name="Title of your scenario outline" classname="Title of your feature" time="7.04"/>
</testsuite>