-------------------------------------------------------------------------------
Test set: Title of your feature
-------------------------------------------------------------------------------
Tests run: 3, Failures: 1, Errors: 0, Skipped: 0, Time elapsed: 24.145 s <<< FAILURE! - in Title of your feature
Title of your scenario(Title of your feature)  Time elapsed: 10.407 s  <<< FAILURE!
java.lang.AssertionError: precondition 

